  uri.cpp
  trace.cpp
  lhc_mock.cpp
  adler32.c
  compress.c
  ioapi.c
  iowin32.c
  unzip.c
  crc32.c
  deflate.c
  gzclose.c
  gzlib.c
  gzread.c
  gzwrite.c
  infback.c
  inffast.c
  inflate.c
  inftrees.c
  trees.c
  uncompr.c
  zutil.c
     Creating library D:\s\libHttpClient\Out\Win32\Release\libHttpClient.Win32\libHttpClient.Win32.lib and object D:\s\libHttpClient\Out\Win32\Release\libHttpClient.Win32\libHttpClient.Win32.exp
  Generating code
  Previous IPDB not found, fall back to full compilation.
  All 4086 functions were compiled because no usable IPDB/IOBJ from previous compilation was found.
  Finished generating code
  libHttpClient.Win32.vcxproj -> D:\s\libHttpClient\Out\Win32\Release\libHttpClient.Win32\libHttpClient.Win32.dll
